Using pre-set license
Built from '2022.3/staging' branch; Version is '2022.3.19f1 (244b723c30a6) revision 2378610'; Using compiler version '192829333'; Build Type 'Release'
OS: 'Windows 11  (10.0.22621) 64bit CoreSingleLanguage' Language: 'en' Physical Memory: 7948 MB
BatchMode: 1, IsHumanControllingUs: 0, StartBugReporterOnCrash: 0, Is64bit: 1, IsPro: 1

COMMAND LINE ARGUMENTS:
C:\Program Files\Unity\Hub\Editor\2022.3.19f1\Editor\Unity.exe
-adb2
-batchMode
-noUpm
-name
AssetImportWorker0
-projectPath
C:/Personal/Computer Science/Github/UI-Screens/Screens
-logFile
Logs/AssetImportWorker0.log
-srvPort
61803
Successfully changed project path to: C:/Personal/Computer Science/Github/UI-Screens/Screens
C:/Personal/Computer Science/Github/UI-Screens/Screens
[UnityMemory] Configuration Parameters - Can be set up in boot.config
    "memorysetup-bucket-allocator-granularity=16"
    "memorysetup-bucket-allocator-bucket-count=8"
    "memorysetup-bucket-allocator-block-size=33554432"
    "memorysetup-bucket-allocator-block-count=8"
    "memorysetup-main-allocator-block-size=16777216"
    "memorysetup-thread-allocator-block-size=16777216"
    "memorysetup-gfx-main-allocator-block-size=16777216"
    "memorysetup-gfx-thread-allocator-block-size=16777216"
    "memorysetup-cache-allocator-block-size=4194304"
    "memorysetup-typetree-allocator-block-size=2097152"
    "memorysetup-profiler-bucket-allocator-granularity=16"
    "memorysetup-profiler-bucket-allocator-bucket-count=8"
    "memorysetup-profiler-bucket-allocator-block-size=33554432"
    "memorysetup-profiler-bucket-allocator-block-count=8"
    "memorysetup-profiler-allocator-block-size=16777216"
    "memorysetup-profiler-editor-allocator-block-size=1048576"
    "memorysetup-temp-allocator-size-main=16777216"
    "memorysetup-job-temp-allocator-block-size=2097152"
    "memorysetup-job-temp-allocator-block-size-background=1048576"
    "memorysetup-job-temp-allocator-reduction-small-platforms=262144"
    "memorysetup-allocator-temp-initial-block-size-main=262144"
    "memorysetup-allocator-temp-initial-block-size-worker=262144"
    "memorysetup-temp-allocator-size-background-worker=32768"
    "memorysetup-temp-allocator-size-job-worker=262144"
    "memorysetup-temp-allocator-size-preload-manager=33554432"
    "memorysetup-temp-allocator-size-nav-mesh-worker=65536"
    "memorysetup-temp-allocator-size-audio-worker=65536"
    "memorysetup-temp-allocator-size-cloud-worker=32768"
    "memorysetup-temp-allocator-size-gi-baking-worker=262144"
    "memorysetup-temp-allocator-size-gfx=262144"
Player connection [21736] Host "[IP] 192.168.0.24 [Port] 0 [Flags] 2 [Guid] 1070983190 [EditorId] 1070983190 [Version] 1048832 [Id] WindowsEditor(7,ahmadrumail) [Debug] 1 [PackageName] WindowsEditor [ProjectName] Editor" joined multi-casting on [225.0.0.222:54997]...

Player connection [21736] Host "[IP] 192.168.0.24 [Port] 0 [Flags] 2 [Guid] 1070983190 [EditorId] 1070983190 [Version] 1048832 [Id] WindowsEditor(7,ahmadrumail) [Debug] 1 [PackageName] WindowsEditor [ProjectName] Editor" joined alternative multi-casting on [225.0.0.222:34997]...

[Physics::Module] Initialized MultithreadedJobDispatcher with 7 workers.
Refreshing native plugins compatible for Editor in 14.34 ms, found 3 plugins.
Preloading 0 native plugins for Editor in 0.00 ms.
Initialize engine version: 2022.3.19f1 (244b723c30a6)
[Subsystems] Discovering subsystems at path C:/Program Files/Unity/Hub/Editor/2022.3.19f1/Editor/Data/Resources/UnitySubsystems
[Subsystems] Discovering subsystems at path C:/Personal/Computer Science/Github/UI-Screens/Screens/Assets
GfxDevice: creating device client; threaded=0; jobified=0
Direct3D:
    Version:  Direct3D 11.0 [level 11.1]
    Renderer: Intel(R) Iris(R) Xe Graphics (ID=0x9a49)
    Vendor:   Intel
    VRAM:     3974 MB
    Driver:   31.0.101.4502
Initialize mono
Mono path[0] = 'C:/Program Files/Unity/Hub/Editor/2022.3.19f1/Editor/Data/Managed'
Mono path[1] = 'C:/Program Files/Unity/Hub/Editor/2022.3.19f1/Editor/Data/MonoBleedingEdge/lib/mono/unityjit-win32'
Mono config path = 'C:/Program Files/Unity/Hub/Editor/2022.3.19f1/Editor/Data/MonoBleedingEdge/etc'
Using monoOptions --debugger-agent=transport=dt_socket,embedding=1,server=y,suspend=n,address=127.0.0.1:56508
Begin MonoManager ReloadAssembly
Registering precompiled unity dll's ...
Register platform support module: C:/Program Files/Unity/Hub/Editor/2022.3.19f1/Editor/Data/PlaybackEngines/AndroidPlayer/UnityEditor.Android.Extensions.dll
Register platform support module: C:/Program Files/Unity/Hub/Editor/2022.3.19f1/Editor/Data/PlaybackEngines/WindowsStandaloneSupport/UnityEditor.WindowsStandalone.Extensions.dll
Registered in 0.011239 seconds.
- Loaded All Assemblies, in  0.709 seconds
Native extension for WindowsStandalone target not found
Native extension for Android target not found
Android Extension - Scanning For ADB Devices 529 ms
Mono: successfully reloaded assembly
- Finished resetting the current domain, in  1.194 seconds
Domain Reload Profiling: 1900ms
	BeginReloadAssembly (204ms)
		ExecutionOrderSort (0ms)
		DisableScriptedObjects (0ms)
		BackupInstance (0ms)
		ReleaseScriptingObjects (0ms)
		CreateAndSetChildDomain (1ms)
	RebuildCommonClasses (71ms)
	RebuildNativeTypeToScriptingClass (24ms)
	initialDomainReloadingComplete (114ms)
	LoadAllAssembliesAndSetupDomain (293ms)
		LoadAssemblies (202ms)
		RebuildTransferFunctionScriptingTraits (0ms)
		AnalyzeDomain (289ms)
			TypeCache.Refresh (285ms)
				TypeCache.ScanAssembly (261ms)
			ScanForSourceGeneratedMonoScriptInfo (1ms)
			ResolveRequiredComponents (2ms)
	FinalizeReload (1194ms)
		ReleaseScriptCaches (0ms)
		RebuildScriptCaches (0ms)
		SetupLoadedEditorAssemblies (1081ms)
			LogAssemblyErrors (0ms)
			InitializePlatformSupportModulesInManaged (742ms)
			SetLoadedEditorAssemblies (9ms)
			RefreshPlugins (0ms)
			BeforeProcessingInitializeOnLoad (5ms)
			ProcessInitializeOnLoadAttributes (233ms)
			ProcessInitializeOnLoadMethodAttributes (93ms)
			AfterProcessingInitializeOnLoad (0ms)
			EditorAssembliesLoaded (0ms)
		ExecutionOrderSort2 (0ms)
		AwakeInstancesAfterBackupRestoration (0ms)
========================================================================
Worker process is ready to serve import requests
Begin MonoManager ReloadAssembly
- Loaded All Assemblies, in  1.446 seconds
Refreshing native plugins compatible for Editor in 3.26 ms, found 3 plugins.
Native extension for WindowsStandalone target not found
Native extension for Android target not found
Package Manager log level set to [2]
[Package Manager] Server::EnsureServerProcessIsRunning -- launch failed, reason: Unity was launched with the -noUpm command-line argument
[Package Manager] UpmClient::Send -- Unable to send message (not connected to UPM process).
[Package Manager] Cannot connect to Unity Package Manager local server
Mono: successfully reloaded assembly
- Finished resetting the current domain, in  1.171 seconds
Domain Reload Profiling: 2616ms
	BeginReloadAssembly (296ms)
		ExecutionOrderSort (0ms)
		DisableScriptedObjects (22ms)
		BackupInstance (0ms)
		ReleaseScriptingObjects (0ms)
		CreateAndSetChildDomain (35ms)
	RebuildCommonClasses (74ms)
	RebuildNativeTypeToScriptingClass (21ms)
	initialDomainReloadingComplete (72ms)
	LoadAllAssembliesAndSetupDomain (981ms)
		LoadAssemblies (631ms)
		RebuildTransferFunctionScriptingTraits (0ms)
		AnalyzeDomain (526ms)
			TypeCache.Refresh (467ms)
				TypeCache.ScanAssembly (433ms)
			ScanForSourceGeneratedMonoScriptInfo (29ms)
			ResolveRequiredComponents (24ms)
	FinalizeReload (1172ms)
		ReleaseScriptCaches (0ms)
		RebuildScriptCaches (0ms)
		SetupLoadedEditorAssemblies (898ms)
			LogAssemblyErrors (0ms)
			InitializePlatformSupportModulesInManaged (26ms)
			SetLoadedEditorAssemblies (6ms)
			RefreshPlugins (0ms)
			BeforeProcessingInitializeOnLoad (75ms)
			ProcessInitializeOnLoadAttributes (736ms)
			ProcessInitializeOnLoadMethodAttributes (45ms)
			AfterProcessingInitializeOnLoad (10ms)
			EditorAssembliesLoaded (0ms)
		ExecutionOrderSort2 (0ms)
		AwakeInstancesAfterBackupRestoration (14ms)
Launched and connected shader compiler UnityShaderCompiler.exe after 0.10 seconds
Refreshing native plugins compatible for Editor in 2.47 ms, found 3 plugins.
Preloading 0 native plugins for Editor in 0.00 ms.
Unloading 3107 Unused Serialized files (Serialized files now loaded: 0)
Unloading 32 unused Assets / (57.5 KB). Loaded Objects now: 3586.
Memory consumption went from 139.0 MB to 139.0 MB.
Total: 6.862800 ms (FindLiveObjects: 0.309900 ms CreateObjectMapping: 0.108700 ms MarkObjects: 6.122100 ms  DeleteObjects: 0.320700 ms)

AssetImportParameters requested are different than current active one (requested -> active):
  custom:container-demuxer-ogg: 62fdf1f143b41e24485cea50d1cbac27 -> 
  custom:video-decoder-ogg-theora: a1e56fd34408186e4bbccfd4996cb3dc -> 
  custom:framework-win-MediaFoundation: 216162199b28c13a410421893ffa2e32 -> 
  custom:CustomObjectIndexerAttribute: 6d391050e5a25f67b0a2c618074f2cd9 -> 
  custom:container-demuxer-webm: 4f35f7cbe854078d1ac9338744f61a02 -> 
  custom:container-muxer-webm: aa71ff27fc2769a1b78a27578f13a17b -> 
  custom:video-decoder-webm-vp8: 9c59270c3fd7afecdb556c50c9e8de78 -> 
  custom:SearchIndexIgnoredProperties: e643bd26f0fe6173181afceb89e7c659 -> 
  custom:AudioImporter_EditorPlatform: d09bf68614088b80899f8185d706f6e7 -> 
  custom:video-encoder-webm-vp8: eb34c28f22e8b96e1ab97ce403110664 -> 
  custom:audio-decoder-ogg-vorbis: bf7c407c2cedff20999df2af8eb42d56 -> 
  custom:audio-encoder-webm-vorbis: bf7c407c2cedff20999df2af8eb42d56 -> 
========================================================================
Received Import Request.
  Time since last request: 727265.219712 seconds.
  path: Assets/Font Style/Bobby Jones/Bobby Jones Soft Outline.otf
  artifactKey: Guid(8ddf290147ca23c4cbfed530cc2a6c73) Importer(815301076,1909f56bfc062723c751e8b465ee728b)
Start importing Assets/Font Style/Bobby Jones/Bobby Jones Soft Outline.otf using Guid(8ddf290147ca23c4cbfed530cc2a6c73) Importer(815301076,1909f56bfc062723c751e8b465ee728b)  -> (artifact id: 'f324046929556b6dbb6c62916f51d0b4') in 0.175794 seconds
Number of updated asset objects reloaded before import = 0
Number of asset objects unloaded after import = 4
========================================================================
Received Import Request.
  Time since last request: 0.000052 seconds.
  path: Assets/Font Style/Bobby Jones/Bobby Rough Soft SDF.asset
  artifactKey: Guid(032e8d9e187c1574b8cce348cddd9c77) Importer(815301076,1909f56bfc062723c751e8b465ee728b)
Start importing Assets/Font Style/Bobby Jones/Bobby Rough Soft SDF.asset using Guid(032e8d9e187c1574b8cce348cddd9c77) Importer(815301076,1909f56bfc062723c751e8b465ee728b)  -> (artifact id: '72fd84e49b003e18a2c88034263b3db8') in 0.080277 seconds
Number of updated asset objects reloaded before import = 0
Number of asset objects unloaded after import = 6
========================================================================
Received Import Request.
  Time since last request: 531.966002 seconds.
  path: Assets/TextMesh Pro/Sprites/EmojiOne.png
  artifactKey: Guid(dffef66376be4fa480fb02b19edbe903) Importer(815301076,1909f56bfc062723c751e8b465ee728b)
Start importing Assets/TextMesh Pro/Sprites/EmojiOne.png using Guid(dffef66376be4fa480fb02b19edbe903) Importer(815301076,1909f56bfc062723c751e8b465ee728b)  -> (artifact id: 'a908dba684d46e7a710cd45a7278004f') in 0.066332 seconds
Number of updated asset objects reloaded before import = 0
Number of asset objects unloaded after import = 2
========================================================================
Received Import Request.
  Time since last request: 1.498983 seconds.
  path: Assets/TextMesh Pro/Shaders
  artifactKey: Guid(e9f693669af91aa45ad615fc681ed29f) Importer(815301076,1909f56bfc062723c751e8b465ee728b)
Start importing Assets/TextMesh Pro/Shaders using Guid(e9f693669af91aa45ad615fc681ed29f) Importer(815301076,1909f56bfc062723c751e8b465ee728b)  -> (artifact id: 'c6960dee5de2ff9e40508c89b3626e22') in 0.000753 seconds
Number of updated asset objects reloaded before import = 0
Number of asset objects unloaded after import = 0
========================================================================
Received Import Request.
  Time since last request: 0.162591 seconds.
  path: Assets/TextMesh Pro/Shaders/TMPro.cginc
  artifactKey: Guid(407bc68d299748449bbf7f48ee690f8d) Importer(815301076,1909f56bfc062723c751e8b465ee728b)
Start importing Assets/TextMesh Pro/Shaders/TMPro.cginc using Guid(407bc68d299748449bbf7f48ee690f8d) Importer(815301076,1909f56bfc062723c751e8b465ee728b)  -> (artifact id: '25d006b3457df3d12e3e98045f158847') in 0.001697 seconds
Number of updated asset objects reloaded before import = 0
Number of asset objects unloaded after import = 1
========================================================================
Received Import Request.
  Time since last request: 0.005614 seconds.
  path: Assets/TextMesh Pro/Shaders/TMPro_Mobile.cginc
  artifactKey: Guid(c334973cef89a9840b0b0c507e0377ab) Importer(815301076,1909f56bfc062723c751e8b465ee728b)
Start importing Assets/TextMesh Pro/Shaders/TMPro_Mobile.cginc using Guid(c334973cef89a9840b0b0c507e0377ab) Importer(815301076,1909f56bfc062723c751e8b465ee728b)  -> (artifact id: '8bb7cc9c67c1ea8eff38eb49235191bb') in 0.002974 seconds
Number of updated asset objects reloaded before import = 0
Number of asset objects unloaded after import = 1
========================================================================
Received Import Request.
  Time since last request: 0.005731 seconds.
  path: Assets/TextMesh Pro/Shaders/TMPro_Properties.cginc
  artifactKey: Guid(3997e2241185407d80309a82f9148466) Importer(815301076,1909f56bfc062723c751e8b465ee728b)
Start importing Assets/TextMesh Pro/Shaders/TMPro_Properties.cginc using Guid(3997e2241185407d80309a82f9148466) Importer(815301076,1909f56bfc062723c751e8b465ee728b)  -> (artifact id: 'b32224ec4299d3ccce52dba9dd306319') in 0.001390 seconds
Number of updated asset objects reloaded before import = 0
Number of asset objects unloaded after import = 1
========================================================================
Received Import Request.
  Time since last request: 0.005626 seconds.
  path: Assets/TextMesh Pro/Shaders/TMPro_Surface.cginc
  artifactKey: Guid(d930090c0cd643c7b55f19a38538c162) Importer(815301076,1909f56bfc062723c751e8b465ee728b)
Start importing Assets/TextMesh Pro/Shaders/TMPro_Surface.cginc using Guid(d930090c0cd643c7b55f19a38538c162) Importer(815301076,1909f56bfc062723c751e8b465ee728b)  -> (artifact id: '3bcfe5eccb506a1defcff59ca8e1d25c') in 0.001557 seconds
Number of updated asset objects reloaded before import = 0
Number of asset objects unloaded after import = 1
========================================================================
Received Import Request.
  Time since last request: 1.898872 seconds.
  path: Assets/TextMesh Pro/Fonts/Copyduck.otf
  artifactKey: Guid(a0e9b231270c62f40b1f89c86f2b7993) Importer(815301076,1909f56bfc062723c751e8b465ee728b)
Start importing Assets/TextMesh Pro/Fonts/Copyduck.otf using Guid(a0e9b231270c62f40b1f89c86f2b7993) Importer(815301076,1909f56bfc062723c751e8b465ee728b)  -> (artifact id: '59eb3c16c23e2169268d0ae671b66ba8') in 0.018380 seconds
Number of updated asset objects reloaded before import = 0
Number of asset objects unloaded after import = 4
========================================================================
Received Import Request.
  Time since last request: 39.130051 seconds.
  path: Assets/UI Sources 2 (1)/UI Sources/Items PSD + PNG/Potion/Potion
  artifactKey: Guid(0609bfa9c3a00594d93916b852523128) Importer(815301076,1909f56bfc062723c751e8b465ee728b)
Start importing Assets/UI Sources 2 (1)/UI Sources/Items PSD + PNG/Potion/Potion using Guid(0609bfa9c3a00594d93916b852523128) Importer(815301076,1909f56bfc062723c751e8b465ee728b)  -> (artifact id: '078b2cd01c262acc6531271f27da8562') in 0.001005 seconds
Number of updated asset objects reloaded before import = 0
Number of asset objects unloaded after import = 0
========================================================================
Received Import Request.
  Time since last request: 0.217581 seconds.
  path: Assets/UI Sources 2 (1)/UI Sources/Items PSD + PNG/Potion/Potion/Blue.png
  artifactKey: Guid(c3d9d0ee7c196d14294cf895c7bc28fd) Importer(815301076,1909f56bfc062723c751e8b465ee728b)
Start importing Assets/UI Sources 2 (1)/UI Sources/Items PSD + PNG/Potion/Potion/Blue.png using Guid(c3d9d0ee7c196d14294cf895c7bc28fd) Importer(815301076,1909f56bfc062723c751e8b465ee728b)  -> (artifact id: '0ebac7692f62491f445f493f6b45c69a') in 0.025405 seconds
Number of updated asset objects reloaded before import = 0
Number of asset objects unloaded after import = 2
========================================================================
Received Import Request.
  Time since last request: 0.000090 seconds.
  path: Assets/UI Sources 2 (1)/UI Sources/Items PSD + PNG/Potion/Potion/Mauve.png
  artifactKey: Guid(deabf1d6dfcf68b4db95890d96f49e15) Importer(815301076,1909f56bfc062723c751e8b465ee728b)
Start importing Assets/UI Sources 2 (1)/UI Sources/Items PSD + PNG/Potion/Potion/Mauve.png using Guid(deabf1d6dfcf68b4db95890d96f49e15) Importer(815301076,1909f56bfc062723c751e8b465ee728b)  -> (artifact id: '8feb321c5a7f809bab8086e7809ad286') in 0.030682 seconds
Number of updated asset objects reloaded before import = 0
Number of asset objects unloaded after import = 2
========================================================================
Received Import Request.
  Time since last request: 0.000125 seconds.
  path: Assets/UI Sources 2 (1)/UI Sources/Items PSD + PNG/Potion/Potion/Purple.png
  artifactKey: Guid(61d7ae5bbcf33b24ab90f6a7e87faf37) Importer(815301076,1909f56bfc062723c751e8b465ee728b)
Start importing Assets/UI Sources 2 (1)/UI Sources/Items PSD + PNG/Potion/Potion/Purple.png using Guid(61d7ae5bbcf33b24ab90f6a7e87faf37) Importer(815301076,1909f56bfc062723c751e8b465ee728b)  -> (artifact id: '72ab6f98fa3cecfab8693f328da53549') in 0.028394 seconds
Number of updated asset objects reloaded before import = 0
Number of asset objects unloaded after import = 2
========================================================================
Received Import Request.
  Time since last request: 0.000025 seconds.
  path: Assets/UI Sources 2 (1)/UI Sources/Items PSD + PNG/Potion/Potion/Yellow.png
  artifactKey: Guid(ee837b7669f391248bd8f7a3922daf97) Importer(815301076,1909f56bfc062723c751e8b465ee728b)
Start importing Assets/UI Sources 2 (1)/UI Sources/Items PSD + PNG/Potion/Potion/Yellow.png using Guid(ee837b7669f391248bd8f7a3922daf97) Importer(815301076,1909f56bfc062723c751e8b465ee728b)  -> (artifact id: 'f86dcc41782f050ac9a3c2b84232db12') in 0.053020 seconds
Number of updated asset objects reloaded before import = 0
Number of asset objects unloaded after import = 2
========================================================================
Received Import Request.
  Time since last request: 0.000030 seconds.
  path: Assets/UI Sources 2 (1)/UI Sources/Items PSD + PNG/Potion/Potion/Outline.png
  artifactKey: Guid(0ec7c00b590243e48b8aeef20e476850) Importer(815301076,1909f56bfc062723c751e8b465ee728b)
Start importing Assets/UI Sources 2 (1)/UI Sources/Items PSD + PNG/Potion/Potion/Outline.png using Guid(0ec7c00b590243e48b8aeef20e476850) Importer(815301076,1909f56bfc062723c751e8b465ee728b)  -> (artifact id: '4879691156e3fb87bf850c6c614e2d1e') in 0.038082 seconds
Number of updated asset objects reloaded before import = 0
Number of asset objects unloaded after import = 2
========================================================================
Received Import Request.
  Time since last request: 0.698745 seconds.
  path: Assets/UI Sources 2 (1)/UI Sources/Items PSD + PNG/Potion/Potion2
  artifactKey: Guid(6541e1a3dbc9dd04fba9e29596666f2d) Importer(815301076,1909f56bfc062723c751e8b465ee728b)
Start importing Assets/UI Sources 2 (1)/UI Sources/Items PSD + PNG/Potion/Potion2 using Guid(6541e1a3dbc9dd04fba9e29596666f2d) Importer(815301076,1909f56bfc062723c751e8b465ee728b)  -> (artifact id: 'c95c1e22897e9acd6066c78862a9b8d6') in 0.000853 seconds
Number of updated asset objects reloaded before import = 0
Number of asset objects unloaded after import = 0
========================================================================
Received Import Request.
  Time since last request: 0.154189 seconds.
  path: Assets/UI Sources 2 (1)/UI Sources/Items PSD + PNG/Potion/Potion2/Blue.png
  artifactKey: Guid(cb20871224bef224dac408dc9013daf8) Importer(815301076,1909f56bfc062723c751e8b465ee728b)
Start importing Assets/UI Sources 2 (1)/UI Sources/Items PSD + PNG/Potion/Potion2/Blue.png using Guid(cb20871224bef224dac408dc9013daf8) Importer(815301076,1909f56bfc062723c751e8b465ee728b)  -> (artifact id: '628d699a385c68e0b9906fc81c8b1c05') in 0.028385 seconds
Number of updated asset objects reloaded before import = 0
Number of asset objects unloaded after import = 2
========================================================================
Received Import Request.
  Time since last request: 0.000252 seconds.
  path: Assets/UI Sources 2 (1)/UI Sources/Items PSD + PNG/Potion/Potion2/Mauve.png
  artifactKey: Guid(1492fdc2d8302114bb3d7d4e1628afa6) Importer(815301076,1909f56bfc062723c751e8b465ee728b)
Start importing Assets/UI Sources 2 (1)/UI Sources/Items PSD + PNG/Potion/Potion2/Mauve.png using Guid(1492fdc2d8302114bb3d7d4e1628afa6) Importer(815301076,1909f56bfc062723c751e8b465ee728b)  -> (artifact id: 'b4ca0d1e4b97f29aa8abe0674ccf9cda') in 0.024630 seconds
Number of updated asset objects reloaded before import = 0
Number of asset objects unloaded after import = 2
========================================================================
Received Import Request.
  Time since last request: 0.000025 seconds.
  path: Assets/UI Sources 2 (1)/UI Sources/Items PSD + PNG/Potion/Potion2/Turquoise.png
  artifactKey: Guid(2bffa0d97d75e6e4b8b2afa9db2d38b1) Importer(815301076,1909f56bfc062723c751e8b465ee728b)
Start importing Assets/UI Sources 2 (1)/UI Sources/Items PSD + PNG/Potion/Potion2/Turquoise.png using Guid(2bffa0d97d75e6e4b8b2afa9db2d38b1) Importer(815301076,1909f56bfc062723c751e8b465ee728b)  -> (artifact id: '9c99015c957eebc9f4097fd032fc6bbb') in 0.029076 seconds
Number of updated asset objects reloaded before import = 0
Number of asset objects unloaded after import = 2
========================================================================
Received Import Request.
  Time since last request: 0.000076 seconds.
  path: Assets/UI Sources 2 (1)/UI Sources/Items PSD + PNG/Potion/Potion2/White.png
  artifactKey: Guid(0a4efc23cf5f8d5439a7f5ca78a0a78a) Importer(815301076,1909f56bfc062723c751e8b465ee728b)
Start importing Assets/UI Sources 2 (1)/UI Sources/Items PSD + PNG/Potion/Potion2/White.png using Guid(0a4efc23cf5f8d5439a7f5ca78a0a78a) Importer(815301076,1909f56bfc062723c751e8b465ee728b)  -> (artifact id: 'be68872003722bbee4c929ec4ad21cdd') in 0.018058 seconds
Number of updated asset objects reloaded before import = 0
Number of asset objects unloaded after import = 2
========================================================================
Received Import Request.
  Time since last request: 0.000069 seconds.
  path: Assets/UI Sources 2 (1)/UI Sources/Items PSD + PNG/Potion/Potion2/Outline.png
  artifactKey: Guid(9effc8f5de985e24bb12fa7aaf44a9ae) Importer(815301076,1909f56bfc062723c751e8b465ee728b)
Start importing Assets/UI Sources 2 (1)/UI Sources/Items PSD + PNG/Potion/Potion2/Outline.png using Guid(9effc8f5de985e24bb12fa7aaf44a9ae) Importer(815301076,1909f56bfc062723c751e8b465ee728b)  -> (artifact id: 'a2113e3fce786ceedca9f596b2c98b2a') in 0.045489 seconds
Number of updated asset objects reloaded before import = 0
Number of asset objects unloaded after import = 2
========================================================================
Received Import Request.
  Time since last request: 42.179342 seconds.
  path: Assets/UI Sources 2 (1)/UI Sources/UI1/BGs/Background 3.png
  artifactKey: Guid(dd65bb6ced24812429131d337528bd44) Importer(815301076,1909f56bfc062723c751e8b465ee728b)
Start importing Assets/UI Sources 2 (1)/UI Sources/UI1/BGs/Background 3.png using Guid(dd65bb6ced24812429131d337528bd44) Importer(815301076,1909f56bfc062723c751e8b465ee728b)  -> (artifact id: '7bd47870b4a7a135164f273365d4733a') in 0.059488 seconds
Number of updated asset objects reloaded before import = 0
Number of asset objects unloaded after import = 3
========================================================================
Received Import Request.
  Time since last request: 121.072149 seconds.
  path: Assets/music.png
  artifactKey: Guid(e68549d07fb523b4d9527fea74cb33d2) Importer(815301076,1909f56bfc062723c751e8b465ee728b)
Start importing Assets/music.png using Guid(e68549d07fb523b4d9527fea74cb33d2) Importer(815301076,1909f56bfc062723c751e8b465ee728b)  -> (artifact id: 'c14b546f6e12d1861d690b1ab04c91f0') in 0.038637 seconds
Number of updated asset objects reloaded before import = 0
Number of asset objects unloaded after import = 2
========================================================================
Received Import Request.
  Time since last request: 8.240631 seconds.
  path: Assets/music.png
  artifactKey: Guid(e68549d07fb523b4d9527fea74cb33d2) Importer(815301076,1909f56bfc062723c751e8b465ee728b)
Start importing Assets/music.png using Guid(e68549d07fb523b4d9527fea74cb33d2) Importer(815301076,1909f56bfc062723c751e8b465ee728b)  -> (artifact id: 'f89647b92d5b6131b1a106b2b31ce4bc') in 0.036645 seconds
Number of updated asset objects reloaded before import = 0
Number of asset objects unloaded after import = 3
========================================================================
Received Import Request.
  Time since last request: 7.547402 seconds.
  path: Assets/sound.png
  artifactKey: Guid(7e0bbc5592ee9df43bb71923889969b6) Importer(815301076,1909f56bfc062723c751e8b465ee728b)
Start importing Assets/sound.png using Guid(7e0bbc5592ee9df43bb71923889969b6) Importer(815301076,1909f56bfc062723c751e8b465ee728b)  -> (artifact id: '3be8bbc9436dc652baacfeeb38aa93f7') in 0.032978 seconds
Number of updated asset objects reloaded before import = 0
Number of asset objects unloaded after import = 3
========================================================================
Received Prepare
Begin MonoManager ReloadAssembly
- Loaded All Assemblies, in  0.770 seconds
Refreshing native plugins compatible for Editor in 4.07 ms, found 3 plugins.
Native extension for WindowsStandalone target not found
Native extension for Android target not found
[Package Manager] Server::EnsureServerProcessIsRunning -- launch failed, reason: Unity was launched with the -noUpm command-line argument
[Package Manager] UpmClient::Send -- Unable to send message (not connected to UPM process).
[Package Manager] Cannot connect to Unity Package Manager local server
Mono: successfully reloaded assembly
- Finished resetting the current domain, in  5.442 seconds
Domain Reload Profiling: 6210ms
	BeginReloadAssembly (291ms)
		ExecutionOrderSort (0ms)
		DisableScriptedObjects (7ms)
		BackupInstance (0ms)
		ReleaseScriptingObjects (0ms)
		CreateAndSetChildDomain (64ms)
	RebuildCommonClasses (86ms)
	RebuildNativeTypeToScriptingClass (23ms)
	initialDomainReloadingComplete (57ms)
	LoadAllAssembliesAndSetupDomain (310ms)
		LoadAssemblies (467ms)
		RebuildTransferFunctionScriptingTraits (0ms)
		AnalyzeDomain (20ms)
			TypeCache.Refresh (9ms)
				TypeCache.ScanAssembly (0ms)
			ScanForSourceGeneratedMonoScriptInfo (0ms)
			ResolveRequiredComponents (8ms)
	FinalizeReload (5443ms)
		ReleaseScriptCaches (0ms)
		RebuildScriptCaches (0ms)
		SetupLoadedEditorAssemblies (1956ms)
			LogAssemblyErrors (0ms)
			InitializePlatformSupportModulesInManaged (136ms)
			SetLoadedEditorAssemblies (22ms)
			RefreshPlugins (0ms)
			BeforeProcessingInitializeOnLoad (291ms)
			ProcessInitializeOnLoadAttributes (1402ms)
			ProcessInitializeOnLoadMethodAttributes (91ms)
			AfterProcessingInitializeOnLoad (14ms)
			EditorAssembliesLoaded (1ms)
		ExecutionOrderSort2 (0ms)
		AwakeInstancesAfterBackupRestoration (34ms)
Refreshing native plugins compatible for Editor in 2.58 ms, found 3 plugins.
Preloading 0 native plugins for Editor in 0.00 ms.
Unloading 3085 Unused Serialized files (Serialized files now loaded: 0)
Unloading 23 unused Assets / (31.1 KB). Loaded Objects now: 3637.
Memory consumption went from 135.7 MB to 135.6 MB.
Total: 4.494100 ms (FindLiveObjects: 0.296100 ms CreateObjectMapping: 0.110300 ms MarkObjects: 4.034100 ms  DeleteObjects: 0.051600 ms)

Prepare: number of updated asset objects reloaded= 0
AssetImportParameters requested are different than current active one (requested -> active):
  custom:container-demuxer-ogg: 62fdf1f143b41e24485cea50d1cbac27 -> 
  custom:video-decoder-ogg-theora: a1e56fd34408186e4bbccfd4996cb3dc -> 
  custom:framework-win-MediaFoundation: 216162199b28c13a410421893ffa2e32 -> 
  custom:CustomObjectIndexerAttribute: 6d391050e5a25f67b0a2c618074f2cd9 -> 
  custom:container-demuxer-webm: 4f35f7cbe854078d1ac9338744f61a02 -> 
  custom:container-muxer-webm: aa71ff27fc2769a1b78a27578f13a17b -> 
  custom:video-decoder-webm-vp8: 9c59270c3fd7afecdb556c50c9e8de78 -> 
  custom:SearchIndexIgnoredProperties: e643bd26f0fe6173181afceb89e7c659 -> 
  custom:AudioImporter_EditorPlatform: d09bf68614088b80899f8185d706f6e7 -> 
  custom:video-encoder-webm-vp8: eb34c28f22e8b96e1ab97ce403110664 -> 
  custom:audio-decoder-ogg-vorbis: bf7c407c2cedff20999df2af8eb42d56 -> 
  custom:audio-encoder-webm-vorbis: bf7c407c2cedff20999df2af8eb42d56 -> 
========================================================================
Received Import Request.
  Time since last request: 1465.513805 seconds.
  path: Assets/Scenes/SampleScene.unity
  artifactKey: Guid(9fc0d4010bbf28b4594072e72b8655ab) Importer(815301076,1909f56bfc062723c751e8b465ee728b)
Start importing Assets/Scenes/SampleScene.unity using Guid(9fc0d4010bbf28b4594072e72b8655ab) Importer(815301076,1909f56bfc062723c751e8b465ee728b)  -> (artifact id: 'e132ba883264163936147c930f04b66f') in 0.004818 seconds
Number of updated asset objects reloaded before import = 0
Number of asset objects unloaded after import = 0
